2026-06-02 06:50:55  =============================================================
2026-06-02 06:50:55  koha_merge_estudiantes.pl  -- MODO: DRY-RUN (sin cambios)
2026-06-02 06:50:55  input=/tmp/koha-merge/subset_seguro.tsv  batch=25  pause=5s  include_variant=0
2026-06-02 06:50:55  =============================================================
2026-06-02 06:50:55  Pares leídos del TSV: 58
2026-06-02 06:50:55  DRY-RUN merge_with: keeper=27619 <- loser=10662 | moverian ~0 transacciones | keeper_email='joseph-Brown.jb@hotmail.com' [WARN: keeper sin email @upeu.edu.pe -> revisar SSO/Keycloak] | DNI=00576382 keeper_bn=27619(card=201711616) loser_bn=10662(card=00576382) [STUDENT_MERGE] hist=0 MP=NO_MP_USER name='Brown Sarmiento, Joseph Justy'
2026-06-02 06:50:55  DRY-RUN merge_with: keeper=26240 <- loser=803 | moverian ~0 transacciones | keeper_email='gmba.2015@hotmail.com' [WARN: keeper sin email @upeu.edu.pe -> revisar SSO/Keycloak] | DNI=07321340 keeper_bn=26240(card=200620016) loser_bn=803(card=07321340) [STUDENT_MERGE] hist=0 MP=NO_MP_USER name='Baldoceda Alania De Ayudante, Gricelda Margarita'
2026-06-02 06:50:55  DRY-RUN merge_with: keeper=29321 <- loser=18142 | moverian ~0 transacciones | keeper_email='' [WARN: keeper sin email @upeu.edu.pe -> revisar SSO/Keycloak] | DNI=41267466 keeper_bn=29321(card=201810825) loser_bn=18142(card=41267466) [STUDENT_MERGE] hist=0 MP=KEEPER(codigo) name='Flores Carbajal, Hilda'
2026-06-02 06:50:55  DRY-RUN merge_with: keeper=27431 <- loser=23011 | moverian ~1 transacciones | keeper_email='canoclaudia348@gmail.com' [WARN: keeper sin email @upeu.edu.pe -> revisar SSO/Keycloak] | DNI=43476931 keeper_bn=27431(card=200711406) loser_bn=23011(card=43476931) [STUDENT_MERGE] hist=1 MP=NO_MP_USER name='Cano Irene, Claudia'
2026-06-02 06:50:55  DRY-RUN merge_with: keeper=29710 <- loser=18051 | moverian ~0 transacciones | keeper_email='marthaveronikap@gmail.com' [WARN: keeper sin email @upeu.edu.pe -> revisar SSO/Keycloak] | DNI=44160690 keeper_bn=29710(card=202212712) loser_bn=18051(card=44160690) [STUDENT_MERGE] hist=0 MP=NO_MP_USER name='Paz Perez, Martha Veronika'
2026-06-02 06:50:55  DRY-RUN merge_with: keeper=24113 <- loser=16772 | moverian ~0 transacciones | keeper_email='45430300@upeu.edu.pe' | DNI=45430300 keeper_bn=24113(card=202118657) loser_bn=16772(card=45430300) [STUDENT_MERGE] hist=0 MP=NO_MP_USER name='Sanchez Santivañez, Luis Miguel'
2026-06-02 06:50:55  DRY-RUN merge_with: keeper=27074 <- loser=18247 | moverian ~0 transacciones | keeper_email='ilaespinalsantos@gmail.com' [WARN: keeper sin email @upeu.edu.pe -> revisar SSO/Keycloak] | DNI=46181027 keeper_bn=27074(card=202220066) loser_bn=18247(card=46181027) [STUDENT_MERGE] hist=0 MP=NO_MP_USER name='Espinal Santos, Hemsy Ila'
2026-06-02 06:50:55  DRY-RUN merge_with: keeper=29679 <- loser=18055 | moverian ~0 transacciones | keeper_email='buadodenissa8@gmail.com' [WARN: keeper sin email @upeu.edu.pe -> revisar SSO/Keycloak] | DNI=46497171 keeper_bn=29679(card=202212716) loser_bn=18055(card=46497171) [STUDENT_MERGE] hist=0 MP=NO_MP_USER name='Buado Garcia, Denissa Fronilda'
2026-06-02 06:50:55  DRY-RUN merge_with: keeper=26232 <- loser=2052 | moverian ~0 transacciones | keeper_email='elinganmallqui@gmail.com' [WARN: keeper sin email @upeu.edu.pe -> revisar SSO/Keycloak] | DNI=47725794 keeper_bn=26232(card=201120595) loser_bn=2052(card=47725794) [STUDENT_MERGE] hist=0 MP=NO_MP_USER name='Lingan Mallqui, Elizabeth Damaris'
2026-06-02 06:50:55  DRY-RUN merge_with: keeper=27277 <- loser=8840 | moverian ~0 transacciones | keeper_email='angiesurichaqui@upeu.edu.pe' | DNI=47841350 keeper_bn=27277(card=201611582) loser_bn=8840(card=47841350) [STUDENT_MERGE] hist=0 MP=NO_MP_USER name='Surichaqui Anco, Angie Sandy'
2026-06-02 06:50:55  DRY-RUN merge_with: keeper=26225 <- loser=23068 | moverian ~29 transacciones | keeper_email='davidveraore20@gmail.com' [WARN: keeper sin email @upeu.edu.pe -> revisar SSO/Keycloak] | DNI=60116975 keeper_bn=26225(card=202310724) loser_bn=23068(card=60116975) [STUDENT_MERGE] hist=1 MP=NO_MP_USER name='Vera Ore, David'
2026-06-02 06:50:55  DRY-RUN merge_with: keeper=28229 <- loser=16621 | moverian ~0 transacciones | keeper_email='santacruzlucero69@gmail.com' [WARN: keeper sin email @upeu.edu.pe -> revisar SSO/Keycloak] | DNI=60615675 keeper_bn=28229(card=202115513) loser_bn=16621(card=60615675) [STUDENT_MERGE] hist=0 MP=NO_MP_USER name='Santa Cruz Chinoapaza, Lucero Del Carmen'
2026-06-02 06:50:55  DRY-RUN merge_with: keeper=27713 <- loser=23370 | moverian ~0 transacciones | keeper_email='' [WARN: keeper sin email @upeu.edu.pe -> revisar SSO/Keycloak] | DNI=61326846 keeper_bn=27713(card=202510695) loser_bn=23370(card=61326846) [STUDENT_MERGE] hist=0 MP=KEEPER(codigo) name='Moncada Fonseca, Matias Josue'
2026-06-02 06:50:55  DRY-RUN merge_with: keeper=27071 <- loser=12439 | moverian ~0 transacciones | keeper_email='danitzaumbo@upeu.edu.pe' | DNI=70034131 keeper_bn=27071(card=201811242) loser_bn=12439(card=70034131) [STUDENT_MERGE] hist=0 MP=NO_MP_USER name='Umbo Yanayaco, Danitza Paola'
2026-06-02 06:50:55  DRY-RUN merge_with: keeper=27141 <- loser=5115 | moverian ~1 transacciones | keeper_email='jlm.29.1992@gmail.com' [WARN: keeper sin email @upeu.edu.pe -> revisar SSO/Keycloak] | DNI=70259907 keeper_bn=27141(card=201410427) loser_bn=5115(card=70259907) [STUDENT_MERGE] hist=1 MP=NO_MP_USER name='Muñoz Muñoz, Lener Junior'
2026-06-02 06:50:55  DRY-RUN merge_with: keeper=26260 <- loser=15518 | moverian ~0 transacciones | keeper_email='lisbethburgaguevara@gmail.com' [WARN: keeper sin email @upeu.edu.pe -> revisar SSO/Keycloak] | DNI=70560475 keeper_bn=26260(card=202010032) loser_bn=15518(card=70560475) [STUDENT_MERGE] hist=0 MP=KEEPER(codigo) name='Burga Guevara, Jeide Lisbeth'
2026-06-02 06:50:55  DRY-RUN merge_with: keeper=26222 <- loser=12769 | moverian ~0 transacciones | keeper_email='damarisespinoza@upeu.edu.pe' | DNI=70637939 keeper_bn=26222(card=201811686) loser_bn=12769(card=70637939) [STUDENT_MERGE] hist=0 MP=KEEPER(codigo) name='Espinoza Angulo, Dámaris Génesis'
2026-06-02 06:50:55  DRY-RUN merge_with: keeper=27226 <- loser=14433 | moverian ~0 transacciones | keeper_email='joaquinlopez@upeu.edu.pe' | DNI=70940783 keeper_bn=27226(card=201911427) loser_bn=14433(card=70940783) [STUDENT_MERGE] hist=1 MP=NO_MP_USER name='Lopez Chacon, Joaquin Enrique'
2026-06-02 06:50:55  DRY-RUN merge_with: keeper=26299 <- loser=16564 | moverian ~0 transacciones | keeper_email='' [WARN: keeper sin email @upeu.edu.pe -> revisar SSO/Keycloak] | DNI=71087689 keeper_bn=26299(card=202110732) loser_bn=16564(card=71087689) [STUDENT_MERGE] hist=0 MP=NO_MP_USER name='Panduro Huaman, Dorian Joop'
2026-06-02 06:50:55  DRY-RUN merge_with: keeper=26256 <- loser=22057 | moverian ~1 transacciones | keeper_email='kellytandaypan@upeu.edu.pe' | DNI=71299265 keeper_bn=26256(card=201912291) loser_bn=22057(card=71299265) [STUDENT_MERGE] hist=1 MP=KEEPER(codigo) name='Tandaypan Chacon, Kelly Lizbeth'
2026-06-02 06:50:55  DRY-RUN merge_with: keeper=26224 <- loser=9712 | moverian ~0 transacciones | keeper_email='danielyanac@upeu.edu.pe' | DNI=71314010 keeper_bn=26224(card=201620011) loser_bn=9712(card=71314010) [STUDENT_MERGE] hist=0 MP=KEEPER(codigo) name='YANAC HUAROCO, DANIEL HANS'
2026-06-02 06:50:55  DRY-RUN merge_with: keeper=28195 <- loser=17786 | moverian ~0 transacciones | keeper_email='owell.apaza@upeu.edu.pe' | DNI=71415755 keeper_bn=28195(card=202211816) loser_bn=17786(card=71415755) [STUDENT_MERGE] hist=0 MP=NO_MP_USER name='Apaza Cruz, Owell Jireh'
2026-06-02 06:50:56  DRY-RUN merge_with: keeper=28325 <- loser=13326 | moverian ~0 transacciones | keeper_email='andrearojas@upeu.edu.pe' | DNI=71662055 keeper_bn=28325(card=201812437) loser_bn=13326(card=71662055) [STUDENT_MERGE] hist=0 MP=KEEPER(codigo) name='Rojas Humpire, Andrea Lizbeth'
2026-06-02 06:50:56  DRY-RUN merge_with: keeper=28059 <- loser=23064 | moverian ~5 transacciones | keeper_email='gamboavargasmarco@gmail.com' [WARN: keeper sin email @upeu.edu.pe -> revisar SSO/Keycloak] | DNI=71778536 keeper_bn=28059(card=202310719) loser_bn=23064(card=71778536) [STUDENT_MERGE] hist=1 MP=NO_MP_USER name='GAMBOA VARGAS, MARCO ANTONIO'
2026-06-02 06:50:56  DRY-RUN merge_with: keeper=25501 <- loser=22058 | moverian ~0 transacciones | keeper_email='nestor.soncco@upeu.edu.pe' | DNI=71926396 keeper_bn=25501(card=201220334) loser_bn=22058(card=71926396) [STUDENT_MERGE] hist=0 MP=KEEPER(codigo) name='Soncco Aquino, Nestor'
2026-06-02 06:50:56  >>> Lote de 25 completado (procesados=25). Pausa 5s...
2026-06-02 06:51:01  DRY-RUN merge_with: keeper=27362 <- loser=16585 | moverian ~0 transacciones | keeper_email='alexia.colquehuanca@upeu.edu.pe' | DNI=72274467 keeper_bn=27362(card=202110780) loser_bn=16585(card=72274467) [STUDENT_MERGE] hist=0 MP=KEEPER(codigo) name='Colquehuanca Arpasi, Alexia Dayna'
2026-06-02 06:51:01  DRY-RUN merge_with: keeper=26250 <- loser=14018 | moverian ~0 transacciones | keeper_email='jeffersonrojas@upeu.edu.pe' | DNI=72624529 keeper_bn=26250(card=201910711) loser_bn=14018(card=72624529) [STUDENT_MERGE] hist=0 MP=NO_MP_USER name='Rojas Burga, Jefferson Apolinar'
2026-06-02 06:51:01  DRY-RUN merge_with: keeper=28065 <- loser=4811 | moverian ~0 transacciones | keeper_email='gersonvilla098@gmail.com' [WARN: keeper sin email @upeu.edu.pe -> revisar SSO/Keycloak] | DNI=72625062 keeper_bn=28065(card=201323039) loser_bn=4811(card=72625062) [STUDENT_MERGE] hist=0 MP=KEEPER(codigo) name='Mamani Villa, Gerson Hernan'
2026-06-02 06:51:01  DRY-RUN merge_with: keeper=26289 <- loser=9708 | moverian ~0 transacciones | keeper_email='socorrochero@upeu.edu.pe' | DNI=72667975 keeper_bn=26289(card=201620001) loser_bn=9708(card=72667975) [STUDENT_MERGE] hist=0 MP=NO_MP_USER name='Chero Lama, Socorro Jesus'
2026-06-02 06:51:01  DRY-RUN merge_with: keeper=26279 <- loser=9559 | moverian ~0 transacciones | keeper_email='paulo.pizzo@upeu.edu.pe' | DNI=72674673 keeper_bn=26279(card=201612857) loser_bn=9559(card=72674673) [STUDENT_MERGE] hist=1 MP=KEEPER(codigo) name='Pizzo Cordova, Paulo Maury Alberto'
2026-06-02 06:51:01  DRY-RUN merge_with: keeper=28349 <- loser=11822 | moverian ~0 transacciones | keeper_email='' [WARN: keeper sin email @upeu.edu.pe -> revisar SSO/Keycloak] | DNI=72754988 keeper_bn=28349(card=201810176) loser_bn=11822(card=72754988) [STUDENT_MERGE] hist=0 MP=KEEPER(codigo) name='MONDRAGON SUXE, BRENDA FELICITA'
2026-06-02 06:51:01  DRY-RUN merge_with: keeper=27036 <- loser=11761 | moverian ~0 transacciones | keeper_email='emilycajo@upeu.edu.pe' | DNI=72799656 keeper_bn=27036(card=201810093) loser_bn=11761(card=72799656) [STUDENT_MERGE] hist=0 MP=NO_MP_USER name='Cajo Vera, Emily Estrella'
2026-06-02 06:51:01  DRY-RUN merge_with: keeper=26281 <- loser=23087 | moverian ~9 transacciones | keeper_email='polojoaquin49@gmail.com' [WARN: keeper sin email @upeu.edu.pe -> revisar SSO/Keycloak] | DNI=72806166 keeper_bn=26281(card=202011908) loser_bn=23087(card=72806166) [STUDENT_MERGE] hist=1 MP=KEEPER(codigo) name='Polo Espinola, Roberto Joaquin'
2026-06-02 06:51:01  DRY-RUN merge_with: keeper=22562 <- loser=23126 | moverian ~0 transacciones | keeper_email='vbjoemiguel@gmail.com' [WARN: keeper sin email @upeu.edu.pe -> revisar SSO/Keycloak] | DNI=72837473 keeper_bn=22562(card=202310597) loser_bn=23126(card=72837473) [STUDENT_MERGE] hist=1 MP=KEEPER(codigo) name='VILCA BAYONA, JOE MIGUEL'
2026-06-02 06:51:01  DRY-RUN merge_with: keeper=25467 <- loser=22836 | moverian ~0 transacciones | keeper_email='merlytemochetume@gmail.com' [WARN: keeper sin email @upeu.edu.pe -> revisar SSO/Keycloak] | DNI=72869010 keeper_bn=25467(card=202312304) loser_bn=22836(card=72869010) [STUDENT_MERGE] hist=0 MP=KEEPER(codigo) name='TEMOCHE TUME, MERLY MERCEDES'
2026-06-02 06:51:01  DRY-RUN merge_with: keeper=28156 <- loser=22002 | moverian ~0 transacciones | keeper_email='luzvarillas@upeu.edu.pe' | DNI=72913993 keeper_bn=28156(card=201710199) loser_bn=22002(card=72913993) [STUDENT_MERGE] hist=0 MP=KEEPER(codigo) name='Varillas Berrocal, Luz Andrea'
2026-06-02 06:51:01  DRY-RUN merge_with: keeper=26558 <- loser=8838 | moverian ~0 transacciones | keeper_email='jonathanvaldeznavarro@gmail.com' [WARN: keeper sin email @upeu.edu.pe -> revisar SSO/Keycloak] | DNI=72975223 keeper_bn=26558(card=201611580) loser_bn=8838(card=72975223) [STUDENT_MERGE] hist=0 MP=NO_MP_USER name='Valdez Navarro, Jonathan Jean Carlo'
2026-06-02 06:51:01  DRY-RUN merge_with: keeper=27000 <- loser=14423 | moverian ~0 transacciones | keeper_email='mavichic2022@gmail.com' [WARN: keeper sin email @upeu.edu.pe -> revisar SSO/Keycloak] | DNI=73376705 keeper_bn=27000(card=201911413) loser_bn=14423(card=73376705) [STUDENT_MERGE] hist=0 MP=NO_MP_USER name='Sanchez Sanchez, Raquel Abigail'
2026-06-02 06:51:01  DRY-RUN merge_with: keeper=23553 <- loser=18258 | moverian ~6 transacciones | keeper_email='lixsolorzano@gmail.com' [WARN: keeper sin email @upeu.edu.pe -> revisar SSO/Keycloak] | DNI=73517255 keeper_bn=23553(card=202210053) loser_bn=18258(card=73517255) [STUDENT_MERGE] hist=1 MP=NO_MP_USER name='Solorzano Aguilar, Lix Liseth'
2026-06-02 06:51:01  DRY-RUN merge_with: keeper=26196 <- loser=21867 | moverian ~0 transacciones | keeper_email='Quisoco.20@gmail.com' [WARN: keeper sin email @upeu.edu.pe -> revisar SSO/Keycloak] | DNI=73517256 keeper_bn=26196(card=202211561) loser_bn=21867(card=73517256) [STUDENT_MERGE] hist=1 MP=KEEPER(codigo) name='Solorzano Aguilar, Yonel Edison'
2026-06-02 06:51:01  DRY-RUN merge_with: keeper=26198 <- loser=15619 | moverian ~0 transacciones | keeper_email='a2melany8v@gmail.com' [WARN: keeper sin email @upeu.edu.pe -> revisar SSO/Keycloak] | DNI=73591691 keeper_bn=26198(card=202010266) loser_bn=15619(card=73591691) [STUDENT_MERGE] hist=0 MP=KEEPER(codigo) name='Ayala Vasquez, Melany Pamela'
2026-06-02 06:51:01  DRY-RUN merge_with: keeper=29673 <- loser=8814 | moverian ~0 transacciones | keeper_email='3ekenyn@gmail.com' [WARN: keeper sin email @upeu.edu.pe -> revisar SSO/Keycloak] | DNI=74884107 keeper_bn=29673(card=201611535) loser_bn=8814(card=74884107) [STUDENT_MERGE] hist=0 MP=NO_MP_USER name='Gonzales Vargas, Kluivert Abraham'
2026-06-02 06:51:01  DRY-RUN merge_with: keeper=26499 <- loser=14393 | moverian ~0 transacciones | keeper_email='giezicueva@upeu.edu.pe' | DNI=74907283 keeper_bn=26499(card=201911377) loser_bn=14393(card=74907283) [STUDENT_MERGE] hist=0 MP=KEEPER(codigo) name='Cueva Rivera, Giezi Milca'
2026-06-02 06:51:01  DRY-RUN merge_with: keeper=26048 <- loser=5063 | moverian ~0 transacciones | keeper_email='bryanyj1234@gmail.com' [WARN: keeper sin email @upeu.edu.pe -> revisar SSO/Keycloak] | DNI=74925924 keeper_bn=26048(card=201410306) loser_bn=5063(card=74925924) [STUDENT_MERGE] hist=0 MP=KEEPER(codigo) name='Mamani Madueño, Bryan David'
2026-06-02 06:51:01  DRY-RUN merge_with: keeper=27300 <- loser=13306 | moverian ~0 transacciones | keeper_email='witherqq@gmail.com' [WARN: keeper sin email @upeu.edu.pe -> revisar SSO/Keycloak] | DNI=75124700 keeper_bn=27300(card=201812412) loser_bn=13306(card=75124700) [STUDENT_MERGE] hist=0 MP=KEEPER(codigo) name='Ccasa Callo, Gustavo Fernando'
2026-06-02 06:51:01  DRY-RUN merge_with: keeper=28238 <- loser=17231 | moverian ~0 transacciones | keeper_email='sofia.maravi@upeu.edu.pe' | DNI=75287766 keeper_bn=28238(card=202210179) loser_bn=17231(card=75287766) [STUDENT_MERGE] hist=0 MP=NO_MP_USER name='Maravi Chavez, Sofia'
2026-06-02 06:51:01  DRY-RUN merge_with: keeper=29080 <- loser=22039 | moverian ~0 transacciones | keeper_email='zaferpo25@gmail.com' [WARN: keeper sin email @upeu.edu.pe -> revisar SSO/Keycloak] | DNI=75476707 keeper_bn=29080(card=202121871) loser_bn=22039(card=75476707) [STUDENT_MERGE] hist=0 MP=KEEPER(codigo) name='Palpa Olivares, Zara Fernanda'
2026-06-02 06:51:01  DRY-RUN merge_with: keeper=24981 <- loser=23563 | moverian ~0 transacciones | keeper_email='apazadavid654@gmail.com' [WARN: keeper sin email @upeu.edu.pe -> revisar SSO/Keycloak] | DNI=75699586 keeper_bn=24981(card=202412840) loser_bn=23563(card=75699586) [STUDENT_MERGE] hist=1 MP=NO_MP_USER name='APAZA QUISPE, DAVID ANGEL'
2026-06-02 06:51:01  DRY-RUN merge_with: keeper=26253 <- loser=14049 | moverian ~3 transacciones | keeper_email='acevedosoto14@gmail.com' [WARN: keeper sin email @upeu.edu.pe -> revisar SSO/Keycloak] | DNI=75702183 keeper_bn=26253(card=201910754) loser_bn=14049(card=75702183) [STUDENT_MERGE] hist=1 MP=KEEPER(codigo) name='Soto Acevedo, Junior Daniel'
2026-06-02 06:51:01  DRY-RUN merge_with: keeper=29366 <- loser=10011 | moverian ~0 transacciones | keeper_email='' [WARN: keeper sin email @upeu.edu.pe -> revisar SSO/Keycloak] | DNI=75913109 keeper_bn=29366(card=717218510) loser_bn=10011(card=75913109) [STUDENT_MERGE] hist=0 MP=KEEPER(codigo) name='Gomez Campos, Keyla Yanini'
2026-06-02 06:51:01  >>> Lote de 25 completado (procesados=50). Pausa 5s...
2026-06-02 06:51:06  DRY-RUN merge_with: keeper=26288 <- loser=21948 | moverian ~0 transacciones | keeper_email='siwarapazavelasquez@gmail.com' [WARN: keeper sin email @upeu.edu.pe -> revisar SSO/Keycloak] | DNI=76078723 keeper_bn=26288(card=202220293) loser_bn=21948(card=76078723) [STUDENT_MERGE] hist=0 MP=NO_MP_USER name='Apaza Velasquez, Siwar Leon'
2026-06-02 06:51:06  DRY-RUN merge_with: keeper=27954 <- loser=11732 | moverian ~4 transacciones | keeper_email='angiechaina@upeu.edu.pe' | DNI=76125303 keeper_bn=27954(card=201810058) loser_bn=11732(card=76125303) [STUDENT_MERGE] hist=1 MP=KEEPER(codigo) name='Chaiña Mattos, Angie Melissa'
2026-06-02 06:51:06  DRY-RUN merge_with: keeper=27188 <- loser=21937 | moverian ~0 transacciones | keeper_email='jefritl18@gmail.com' [WARN: keeper sin email @upeu.edu.pe -> revisar SSO/Keycloak] | DNI=76328360 keeper_bn=27188(card=202212785) loser_bn=21937(card=76328360) [STUDENT_MERGE] hist=0 MP=NO_MP_USER name='Torres Linares, Jefry Antony'
2026-06-02 06:51:06  DRY-RUN merge_with: keeper=26219 <- loser=17811 | moverian ~14 transacciones | keeper_email='corykorayma@gmail.com' [WARN: keeper sin email @upeu.edu.pe -> revisar SSO/Keycloak] | DNI=76423259 keeper_bn=26219(card=202211907) loser_bn=17811(card=76423259) [STUDENT_MERGE] hist=1 MP=NO_MP_USER name='Cory Zarate, Korayma Lorenne'
2026-06-02 06:51:06  DRY-RUN merge_with: keeper=26293 <- loser=11777 | moverian ~0 transacciones | keeper_email='velazcojorge2001@gmail.com' [WARN: keeper sin email @upeu.edu.pe -> revisar SSO/Keycloak] | DNI=76861009 keeper_bn=26293(card=201810110) loser_bn=11777(card=76861009) [STUDENT_MERGE] hist=0 MP=NO_MP_USER name='Velazco Condori, Jorge Luis'
2026-06-02 06:51:06  DRY-RUN merge_with: keeper=28009 <- loser=16945 | moverian ~0 transacciones | keeper_email='dianagoycochearodrigo@gmail.com' [WARN: keeper sin email @upeu.edu.pe -> revisar SSO/Keycloak] | DNI=77134820 keeper_bn=28009(card=202121763) loser_bn=16945(card=77134820) [STUDENT_MERGE] hist=0 MP=KEEPER(codigo) name='Goycochea Rodrigo, Diana Marisol'
2026-06-02 06:51:06  DRY-RUN merge_with: keeper=27361 <- loser=10791 | moverian ~0 transacciones | keeper_email='alexandra.valdez@outlook.com' [WARN: keeper sin email @upeu.edu.pe -> revisar SSO/Keycloak] | DNI=78016817 keeper_bn=27361(card=201711854) loser_bn=10791(card=78016817) [STUDENT_MERGE] hist=0 MP=KEEPER(codigo) name='Valdez Calderon, Alexandra Liztel'
2026-06-02 06:51:06  DRY-RUN merge_with: keeper=27199 <- loser=21995 | moverian ~0 transacciones | keeper_email='ben_gi11@hotmail.com' [WARN: keeper sin email @upeu.edu.pe -> revisar SSO/Keycloak] | DNI=78378679 keeper_bn=27199(card=202010024) loser_bn=21995(card=78378679) [STUDENT_MERGE] hist=0 MP=KEEPER(codigo) name='Rodriguez Miguel, Benjamin Noe'
2026-06-02 06:51:06  =============================================================
2026-06-02 06:51:06  RESUMEN (DRY-RUN (sin cambios)):  ok=58  skip=0  fail=0  procesados=58
2026-06-02 06:51:06  Log: /tmp/koha-merge/dryrun.log
2026-06-02 06:51:06  =============================================================
