2026-06-02 06:54:12  =============================================================
2026-06-02 06:54:12  koha_merge_estudiantes.pl  -- MODO: COMMIT (REAL)
2026-06-02 06:54:12  input=/tmp/koha-merge/loteB.tsv  batch=25  pause=5s  include_variant=0
2026-06-02 06:54:12  =============================================================
2026-06-02 06:54:12  Pares leídos del TSV: 28
2026-06-02 06:54:12  OK merge_with: keeper=27362 <- loser=16585 | movidas ~0 transacciones | keeper_email='alexia.colquehuanca@upeu.edu.pe' | DNI=72274467 keeper_bn=27362(card=202110780) loser_bn=16585(card=72274467) [STUDENT_MERGE] hist=0 MP=KEEPER(codigo) name='Colquehuanca Arpasi, Alexia Dayna'
2026-06-02 06:54:12  OK merge_with: keeper=26250 <- loser=14018 | movidas ~0 transacciones | keeper_email='jeffersonrojas@upeu.edu.pe' | DNI=72624529 keeper_bn=26250(card=201910711) loser_bn=14018(card=72624529) [STUDENT_MERGE] hist=0 MP=NO_MP_USER name='Rojas Burga, Jefferson Apolinar'
2026-06-02 06:54:12  OK merge_with: keeper=28065 <- loser=4811 | movidas ~0 transacciones | keeper_email='gersonvilla098@gmail.com' [WARN: keeper sin email @upeu.edu.pe -> revisar SSO/Keycloak] | DNI=72625062 keeper_bn=28065(card=201323039) loser_bn=4811(card=72625062) [STUDENT_MERGE] hist=0 MP=KEEPER(codigo) name='Mamani Villa, Gerson Hernan'
2026-06-02 06:54:12  OK merge_with: keeper=26289 <- loser=9708 | movidas ~0 transacciones | keeper_email='socorrochero@upeu.edu.pe' | DNI=72667975 keeper_bn=26289(card=201620001) loser_bn=9708(card=72667975) [STUDENT_MERGE] hist=0 MP=NO_MP_USER name='Chero Lama, Socorro Jesus'
2026-06-02 06:54:12  OK merge_with: keeper=26279 <- loser=9559 | movidas ~0 transacciones | keeper_email='paulo.pizzo@upeu.edu.pe' | DNI=72674673 keeper_bn=26279(card=201612857) loser_bn=9559(card=72674673) [STUDENT_MERGE] hist=1 MP=KEEPER(codigo) name='Pizzo Cordova, Paulo Maury Alberto'
2026-06-02 06:54:12  OK merge_with: keeper=28349 <- loser=11822 | movidas ~0 transacciones | keeper_email='' [WARN: keeper sin email @upeu.edu.pe -> revisar SSO/Keycloak] | DNI=72754988 keeper_bn=28349(card=201810176) loser_bn=11822(card=72754988) [STUDENT_MERGE] hist=0 MP=KEEPER(codigo) name='MONDRAGON SUXE, BRENDA FELICITA'
2026-06-02 06:54:12  OK merge_with: keeper=27036 <- loser=11761 | movidas ~0 transacciones | keeper_email='emilycajo@upeu.edu.pe' | DNI=72799656 keeper_bn=27036(card=201810093) loser_bn=11761(card=72799656) [STUDENT_MERGE] hist=0 MP=NO_MP_USER name='Cajo Vera, Emily Estrella'
2026-06-02 06:54:12  OK merge_with: keeper=22562 <- loser=23126 | movidas ~0 transacciones | keeper_email='vbjoemiguel@gmail.com' [WARN: keeper sin email @upeu.edu.pe -> revisar SSO/Keycloak] | DNI=72837473 keeper_bn=22562(card=202310597) loser_bn=23126(card=72837473) [STUDENT_MERGE] hist=1 MP=KEEPER(codigo) name='VILCA BAYONA, JOE MIGUEL'
2026-06-02 06:54:13  OK merge_with: keeper=25467 <- loser=22836 | movidas ~0 transacciones | keeper_email='merlytemochetume@gmail.com' [WARN: keeper sin email @upeu.edu.pe -> revisar SSO/Keycloak] | DNI=72869010 keeper_bn=25467(card=202312304) loser_bn=22836(card=72869010) [STUDENT_MERGE] hist=0 MP=KEEPER(codigo) name='TEMOCHE TUME, MERLY MERCEDES'
2026-06-02 06:54:13  OK merge_with: keeper=28156 <- loser=22002 | movidas ~0 transacciones | keeper_email='luzvarillas@upeu.edu.pe' | DNI=72913993 keeper_bn=28156(card=201710199) loser_bn=22002(card=72913993) [STUDENT_MERGE] hist=0 MP=KEEPER(codigo) name='Varillas Berrocal, Luz Andrea'
2026-06-02 06:54:13  OK merge_with: keeper=26558 <- loser=8838 | movidas ~0 transacciones | keeper_email='jonathanvaldeznavarro@gmail.com' [WARN: keeper sin email @upeu.edu.pe -> revisar SSO/Keycloak] | DNI=72975223 keeper_bn=26558(card=201611580) loser_bn=8838(card=72975223) [STUDENT_MERGE] hist=0 MP=NO_MP_USER name='Valdez Navarro, Jonathan Jean Carlo'
2026-06-02 06:54:13  OK merge_with: keeper=27000 <- loser=14423 | movidas ~0 transacciones | keeper_email='mavichic2022@gmail.com' [WARN: keeper sin email @upeu.edu.pe -> revisar SSO/Keycloak] | DNI=73376705 keeper_bn=27000(card=201911413) loser_bn=14423(card=73376705) [STUDENT_MERGE] hist=0 MP=NO_MP_USER name='Sanchez Sanchez, Raquel Abigail'
2026-06-02 06:54:13  OK merge_with: keeper=23553 <- loser=18258 | movidas ~6 transacciones | keeper_email='lixsolorzano@gmail.com' [WARN: keeper sin email @upeu.edu.pe -> revisar SSO/Keycloak] | DNI=73517255 keeper_bn=23553(card=202210053) loser_bn=18258(card=73517255) [STUDENT_MERGE] hist=1 MP=NO_MP_USER name='Solorzano Aguilar, Lix Liseth'
2026-06-02 06:54:13  OK merge_with: keeper=26198 <- loser=15619 | movidas ~0 transacciones | keeper_email='a2melany8v@gmail.com' [WARN: keeper sin email @upeu.edu.pe -> revisar SSO/Keycloak] | DNI=73591691 keeper_bn=26198(card=202010266) loser_bn=15619(card=73591691) [STUDENT_MERGE] hist=0 MP=KEEPER(codigo) name='Ayala Vasquez, Melany Pamela'
2026-06-02 06:54:13  OK merge_with: keeper=29673 <- loser=8814 | movidas ~0 transacciones | keeper_email='3ekenyn@gmail.com' [WARN: keeper sin email @upeu.edu.pe -> revisar SSO/Keycloak] | DNI=74884107 keeper_bn=29673(card=201611535) loser_bn=8814(card=74884107) [STUDENT_MERGE] hist=0 MP=NO_MP_USER name='Gonzales Vargas, Kluivert Abraham'
2026-06-02 06:54:13  OK merge_with: keeper=26499 <- loser=14393 | movidas ~0 transacciones | keeper_email='giezicueva@upeu.edu.pe' | DNI=74907283 keeper_bn=26499(card=201911377) loser_bn=14393(card=74907283) [STUDENT_MERGE] hist=0 MP=KEEPER(codigo) name='Cueva Rivera, Giezi Milca'
2026-06-02 06:54:13  OK merge_with: keeper=26048 <- loser=5063 | movidas ~0 transacciones | keeper_email='bryanyj1234@gmail.com' [WARN: keeper sin email @upeu.edu.pe -> revisar SSO/Keycloak] | DNI=74925924 keeper_bn=26048(card=201410306) loser_bn=5063(card=74925924) [STUDENT_MERGE] hist=0 MP=KEEPER(codigo) name='Mamani Madueño, Bryan David'
2026-06-02 06:54:13  OK merge_with: keeper=27300 <- loser=13306 | movidas ~0 transacciones | keeper_email='witherqq@gmail.com' [WARN: keeper sin email @upeu.edu.pe -> revisar SSO/Keycloak] | DNI=75124700 keeper_bn=27300(card=201812412) loser_bn=13306(card=75124700) [STUDENT_MERGE] hist=0 MP=KEEPER(codigo) name='Ccasa Callo, Gustavo Fernando'
2026-06-02 06:54:13  OK merge_with: keeper=28238 <- loser=17231 | movidas ~0 transacciones | keeper_email='sofia.maravi@upeu.edu.pe' | DNI=75287766 keeper_bn=28238(card=202210179) loser_bn=17231(card=75287766) [STUDENT_MERGE] hist=0 MP=NO_MP_USER name='Maravi Chavez, Sofia'
2026-06-02 06:54:13  OK merge_with: keeper=29080 <- loser=22039 | movidas ~0 transacciones | keeper_email='zaferpo25@gmail.com' [WARN: keeper sin email @upeu.edu.pe -> revisar SSO/Keycloak] | DNI=75476707 keeper_bn=29080(card=202121871) loser_bn=22039(card=75476707) [STUDENT_MERGE] hist=0 MP=KEEPER(codigo) name='Palpa Olivares, Zara Fernanda'
2026-06-02 06:54:14  OK merge_with: keeper=26253 <- loser=14049 | movidas ~3 transacciones | keeper_email='acevedosoto14@gmail.com' [WARN: keeper sin email @upeu.edu.pe -> revisar SSO/Keycloak] | DNI=75702183 keeper_bn=26253(card=201910754) loser_bn=14049(card=75702183) [STUDENT_MERGE] hist=1 MP=KEEPER(codigo) name='Soto Acevedo, Junior Daniel'
2026-06-02 06:54:14  OK merge_with: keeper=26288 <- loser=21948 | movidas ~0 transacciones | keeper_email='siwarapazavelasquez@gmail.com' [WARN: keeper sin email @upeu.edu.pe -> revisar SSO/Keycloak] | DNI=76078723 keeper_bn=26288(card=202220293) loser_bn=21948(card=76078723) [STUDENT_MERGE] hist=0 MP=NO_MP_USER name='Apaza Velasquez, Siwar Leon'
2026-06-02 06:54:14  OK merge_with: keeper=27188 <- loser=21937 | movidas ~0 transacciones | keeper_email='jefritl18@gmail.com' [WARN: keeper sin email @upeu.edu.pe -> revisar SSO/Keycloak] | DNI=76328360 keeper_bn=27188(card=202212785) loser_bn=21937(card=76328360) [STUDENT_MERGE] hist=0 MP=NO_MP_USER name='Torres Linares, Jefry Antony'
2026-06-02 06:54:14  OK merge_with: keeper=26219 <- loser=17811 | movidas ~14 transacciones | keeper_email='corykorayma@gmail.com' [WARN: keeper sin email @upeu.edu.pe -> revisar SSO/Keycloak] | DNI=76423259 keeper_bn=26219(card=202211907) loser_bn=17811(card=76423259) [STUDENT_MERGE] hist=1 MP=NO_MP_USER name='Cory Zarate, Korayma Lorenne'
2026-06-02 06:54:14  OK merge_with: keeper=26293 <- loser=11777 | movidas ~0 transacciones | keeper_email='velazcojorge2001@gmail.com' [WARN: keeper sin email @upeu.edu.pe -> revisar SSO/Keycloak] | DNI=76861009 keeper_bn=26293(card=201810110) loser_bn=11777(card=76861009) [STUDENT_MERGE] hist=0 MP=NO_MP_USER name='Velazco Condori, Jorge Luis'
2026-06-02 06:54:14  >>> Lote de 25 completado (procesados=25). Pausa 5s...
2026-06-02 06:54:19  OK merge_with: keeper=28009 <- loser=16945 | movidas ~0 transacciones | keeper_email='dianagoycochearodrigo@gmail.com' [WARN: keeper sin email @upeu.edu.pe -> revisar SSO/Keycloak] | DNI=77134820 keeper_bn=28009(card=202121763) loser_bn=16945(card=77134820) [STUDENT_MERGE] hist=0 MP=KEEPER(codigo) name='Goycochea Rodrigo, Diana Marisol'
2026-06-02 06:54:19  OK merge_with: keeper=27361 <- loser=10791 | movidas ~0 transacciones | keeper_email='alexandra.valdez@outlook.com' [WARN: keeper sin email @upeu.edu.pe -> revisar SSO/Keycloak] | DNI=78016817 keeper_bn=27361(card=201711854) loser_bn=10791(card=78016817) [STUDENT_MERGE] hist=0 MP=KEEPER(codigo) name='Valdez Calderon, Alexandra Liztel'
2026-06-02 06:54:19  OK merge_with: keeper=27199 <- loser=21995 | movidas ~0 transacciones | keeper_email='ben_gi11@hotmail.com' [WARN: keeper sin email @upeu.edu.pe -> revisar SSO/Keycloak] | DNI=78378679 keeper_bn=27199(card=202010024) loser_bn=21995(card=78378679) [STUDENT_MERGE] hist=0 MP=KEEPER(codigo) name='Rodriguez Miguel, Benjamin Noe'
2026-06-02 06:54:19  =============================================================
2026-06-02 06:54:19  RESUMEN (COMMIT (REAL)):  ok=28  skip=0  fail=0  procesados=28
2026-06-02 06:54:19  Log: /tmp/koha-merge/loteB.log
2026-06-02 06:54:19  =============================================================
