2026-06-02 06:53:40  =============================================================
2026-06-02 06:53:40  koha_merge_estudiantes.pl  -- MODO: COMMIT (REAL)
2026-06-02 06:53:40  input=/tmp/koha-merge/loteA.tsv  batch=25  pause=5s  include_variant=0
2026-06-02 06:53:40  =============================================================
2026-06-02 06:53:40  Pares leídos del TSV: 25
2026-06-02 06:53:40  OK merge_with: keeper=27619 <- loser=10662 | movidas ~0 transacciones | keeper_email='joseph-Brown.jb@hotmail.com' [WARN: keeper sin email @upeu.edu.pe -> revisar SSO/Keycloak] | DNI=00576382 keeper_bn=27619(card=201711616) loser_bn=10662(card=00576382) [STUDENT_MERGE] hist=0 MP=NO_MP_USER name='Brown Sarmiento, Joseph Justy'
2026-06-02 06:53:40  OK merge_with: keeper=26240 <- loser=803 | movidas ~0 transacciones | keeper_email='gmba.2015@hotmail.com' [WARN: keeper sin email @upeu.edu.pe -> revisar SSO/Keycloak] | DNI=07321340 keeper_bn=26240(card=200620016) loser_bn=803(card=07321340) [STUDENT_MERGE] hist=0 MP=NO_MP_USER name='Baldoceda Alania De Ayudante, Gricelda Margarita'
2026-06-02 06:53:40  OK merge_with: keeper=29321 <- loser=18142 | movidas ~0 transacciones | keeper_email='' [WARN: keeper sin email @upeu.edu.pe -> revisar SSO/Keycloak] | DNI=41267466 keeper_bn=29321(card=201810825) loser_bn=18142(card=41267466) [STUDENT_MERGE] hist=0 MP=KEEPER(codigo) name='Flores Carbajal, Hilda'
2026-06-02 06:53:40  OK merge_with: keeper=27431 <- loser=23011 | movidas ~1 transacciones | keeper_email='canoclaudia348@gmail.com' [WARN: keeper sin email @upeu.edu.pe -> revisar SSO/Keycloak] | DNI=43476931 keeper_bn=27431(card=200711406) loser_bn=23011(card=43476931) [STUDENT_MERGE] hist=1 MP=NO_MP_USER name='Cano Irene, Claudia'
2026-06-02 06:53:40  OK merge_with: keeper=29710 <- loser=18051 | movidas ~0 transacciones | keeper_email='marthaveronikap@gmail.com' [WARN: keeper sin email @upeu.edu.pe -> revisar SSO/Keycloak] | DNI=44160690 keeper_bn=29710(card=202212712) loser_bn=18051(card=44160690) [STUDENT_MERGE] hist=0 MP=NO_MP_USER name='Paz Perez, Martha Veronika'
2026-06-02 06:53:40  OK merge_with: keeper=24113 <- loser=16772 | movidas ~0 transacciones | keeper_email='45430300@upeu.edu.pe' | DNI=45430300 keeper_bn=24113(card=202118657) loser_bn=16772(card=45430300) [STUDENT_MERGE] hist=0 MP=NO_MP_USER name='Sanchez Santivañez, Luis Miguel'
2026-06-02 06:53:40  OK merge_with: keeper=27074 <- loser=18247 | movidas ~0 transacciones | keeper_email='ilaespinalsantos@gmail.com' [WARN: keeper sin email @upeu.edu.pe -> revisar SSO/Keycloak] | DNI=46181027 keeper_bn=27074(card=202220066) loser_bn=18247(card=46181027) [STUDENT_MERGE] hist=0 MP=NO_MP_USER name='Espinal Santos, Hemsy Ila'
2026-06-02 06:53:40  OK merge_with: keeper=29679 <- loser=18055 | movidas ~0 transacciones | keeper_email='buadodenissa8@gmail.com' [WARN: keeper sin email @upeu.edu.pe -> revisar SSO/Keycloak] | DNI=46497171 keeper_bn=29679(card=202212716) loser_bn=18055(card=46497171) [STUDENT_MERGE] hist=0 MP=NO_MP_USER name='Buado Garcia, Denissa Fronilda'
2026-06-02 06:53:41  OK merge_with: keeper=26232 <- loser=2052 | movidas ~0 transacciones | keeper_email='elinganmallqui@gmail.com' [WARN: keeper sin email @upeu.edu.pe -> revisar SSO/Keycloak] | DNI=47725794 keeper_bn=26232(card=201120595) loser_bn=2052(card=47725794) [STUDENT_MERGE] hist=0 MP=NO_MP_USER name='Lingan Mallqui, Elizabeth Damaris'
2026-06-02 06:53:41  OK merge_with: keeper=27277 <- loser=8840 | movidas ~0 transacciones | keeper_email='angiesurichaqui@upeu.edu.pe' | DNI=47841350 keeper_bn=27277(card=201611582) loser_bn=8840(card=47841350) [STUDENT_MERGE] hist=0 MP=NO_MP_USER name='Surichaqui Anco, Angie Sandy'
2026-06-02 06:53:41  OK merge_with: keeper=26225 <- loser=23068 | movidas ~29 transacciones | keeper_email='davidveraore20@gmail.com' [WARN: keeper sin email @upeu.edu.pe -> revisar SSO/Keycloak] | DNI=60116975 keeper_bn=26225(card=202310724) loser_bn=23068(card=60116975) [STUDENT_MERGE] hist=1 MP=NO_MP_USER name='Vera Ore, David'
2026-06-02 06:53:41  OK merge_with: keeper=28229 <- loser=16621 | movidas ~0 transacciones | keeper_email='santacruzlucero69@gmail.com' [WARN: keeper sin email @upeu.edu.pe -> revisar SSO/Keycloak] | DNI=60615675 keeper_bn=28229(card=202115513) loser_bn=16621(card=60615675) [STUDENT_MERGE] hist=0 MP=NO_MP_USER name='Santa Cruz Chinoapaza, Lucero Del Carmen'
2026-06-02 06:53:41  OK merge_with: keeper=27713 <- loser=23370 | movidas ~0 transacciones | keeper_email='' [WARN: keeper sin email @upeu.edu.pe -> revisar SSO/Keycloak] | DNI=61326846 keeper_bn=27713(card=202510695) loser_bn=23370(card=61326846) [STUDENT_MERGE] hist=0 MP=KEEPER(codigo) name='Moncada Fonseca, Matias Josue'
2026-06-02 06:53:41  OK merge_with: keeper=27071 <- loser=12439 | movidas ~0 transacciones | keeper_email='danitzaumbo@upeu.edu.pe' | DNI=70034131 keeper_bn=27071(card=201811242) loser_bn=12439(card=70034131) [STUDENT_MERGE] hist=0 MP=NO_MP_USER name='Umbo Yanayaco, Danitza Paola'
2026-06-02 06:53:41  OK merge_with: keeper=27141 <- loser=5115 | movidas ~1 transacciones | keeper_email='jlm.29.1992@gmail.com' [WARN: keeper sin email @upeu.edu.pe -> revisar SSO/Keycloak] | DNI=70259907 keeper_bn=27141(card=201410427) loser_bn=5115(card=70259907) [STUDENT_MERGE] hist=1 MP=NO_MP_USER name='Muñoz Muñoz, Lener Junior'
2026-06-02 06:53:41  OK merge_with: keeper=26260 <- loser=15518 | movidas ~0 transacciones | keeper_email='lisbethburgaguevara@gmail.com' [WARN: keeper sin email @upeu.edu.pe -> revisar SSO/Keycloak] | DNI=70560475 keeper_bn=26260(card=202010032) loser_bn=15518(card=70560475) [STUDENT_MERGE] hist=0 MP=KEEPER(codigo) name='Burga Guevara, Jeide Lisbeth'
2026-06-02 06:53:41  OK merge_with: keeper=26222 <- loser=12769 | movidas ~0 transacciones | keeper_email='damarisespinoza@upeu.edu.pe' | DNI=70637939 keeper_bn=26222(card=201811686) loser_bn=12769(card=70637939) [STUDENT_MERGE] hist=0 MP=KEEPER(codigo) name='Espinoza Angulo, Dámaris Génesis'
2026-06-02 06:53:41  OK merge_with: keeper=27226 <- loser=14433 | movidas ~0 transacciones | keeper_email='joaquinlopez@upeu.edu.pe' | DNI=70940783 keeper_bn=27226(card=201911427) loser_bn=14433(card=70940783) [STUDENT_MERGE] hist=1 MP=NO_MP_USER name='Lopez Chacon, Joaquin Enrique'
2026-06-02 06:53:41  OK merge_with: keeper=26299 <- loser=16564 | movidas ~0 transacciones | keeper_email='' [WARN: keeper sin email @upeu.edu.pe -> revisar SSO/Keycloak] | DNI=71087689 keeper_bn=26299(card=202110732) loser_bn=16564(card=71087689) [STUDENT_MERGE] hist=0 MP=NO_MP_USER name='Panduro Huaman, Dorian Joop'
2026-06-02 06:53:42  OK merge_with: keeper=26256 <- loser=22057 | movidas ~1 transacciones | keeper_email='kellytandaypan@upeu.edu.pe' | DNI=71299265 keeper_bn=26256(card=201912291) loser_bn=22057(card=71299265) [STUDENT_MERGE] hist=1 MP=KEEPER(codigo) name='Tandaypan Chacon, Kelly Lizbeth'
2026-06-02 06:53:42  OK merge_with: keeper=26224 <- loser=9712 | movidas ~0 transacciones | keeper_email='danielyanac@upeu.edu.pe' | DNI=71314010 keeper_bn=26224(card=201620011) loser_bn=9712(card=71314010) [STUDENT_MERGE] hist=0 MP=KEEPER(codigo) name='YANAC HUAROCO, DANIEL HANS'
2026-06-02 06:53:42  OK merge_with: keeper=28195 <- loser=17786 | movidas ~0 transacciones | keeper_email='owell.apaza@upeu.edu.pe' | DNI=71415755 keeper_bn=28195(card=202211816) loser_bn=17786(card=71415755) [STUDENT_MERGE] hist=0 MP=NO_MP_USER name='Apaza Cruz, Owell Jireh'
2026-06-02 06:53:42  OK merge_with: keeper=28325 <- loser=13326 | movidas ~0 transacciones | keeper_email='andrearojas@upeu.edu.pe' | DNI=71662055 keeper_bn=28325(card=201812437) loser_bn=13326(card=71662055) [STUDENT_MERGE] hist=0 MP=KEEPER(codigo) name='Rojas Humpire, Andrea Lizbeth'
2026-06-02 06:53:42  OK merge_with: keeper=28059 <- loser=23064 | movidas ~5 transacciones | keeper_email='gamboavargasmarco@gmail.com' [WARN: keeper sin email @upeu.edu.pe -> revisar SSO/Keycloak] | DNI=71778536 keeper_bn=28059(card=202310719) loser_bn=23064(card=71778536) [STUDENT_MERGE] hist=1 MP=NO_MP_USER name='GAMBOA VARGAS, MARCO ANTONIO'
2026-06-02 06:53:42  OK merge_with: keeper=25501 <- loser=22058 | movidas ~0 transacciones | keeper_email='nestor.soncco@upeu.edu.pe' | DNI=71926396 keeper_bn=25501(card=201220334) loser_bn=22058(card=71926396) [STUDENT_MERGE] hist=0 MP=KEEPER(codigo) name='Soncco Aquino, Nestor'
2026-06-02 06:53:42  >>> Lote de 25 completado (procesados=25). Pausa 5s...
2026-06-02 06:53:47  =============================================================
2026-06-02 06:53:47  RESUMEN (COMMIT (REAL)):  ok=25  skip=0  fail=0  procesados=25
2026-06-02 06:53:47  Log: /tmp/koha-merge/loteA.log
2026-06-02 06:53:47  =============================================================
